# StreamVersion 1.1
EnterEvent 952 655 0 0 0 0
MouseMoveEvent 952 655 0 0 0 0
MouseMoveEvent 939 651 0 0 0 0
MouseMoveEvent 930 649 0 0 0 0
MouseMoveEvent 924 646 0 0 0 0
MouseMoveEvent 918 642 0 0 0 0
MouseMoveEvent 912 637 0 0 0 0
MouseMoveEvent 904 632 0 0 0 0
MouseMoveEvent 891 621 0 0 0 0
MouseMoveEvent 880 612 0 0 0 0
MouseMoveEvent 868 602 0 0 0 0
MouseMoveEvent 859 593 0 0 0 0
MouseMoveEvent 853 586 0 0 0 0
MouseMoveEvent 845 577 0 0 0 0
MouseMoveEvent 840 572 0 0 0 0
MouseMoveEvent 836 567 0 0 0 0
MouseMoveEvent 832 563 0 0 0 0
MouseMoveEvent 831 561 0 0 0 0
MouseMoveEvent 827 557 0 0 0 0
MouseMoveEvent 826 556 0 0 0 0
LeftButtonPressEvent 826 556 0 0 0 0
StartInteractionEvent 826 556 0 0 0 0
MouseMoveEvent 826 556 0 0 0 0
RenderEvent 826 556 0 0 0 0
InteractionEvent 826 556 0 0 0 0
MouseMoveEvent 826 559 0 0 0 0
RenderEvent 826 559 0 0 0 0
InteractionEvent 826 559 0 0 0 0
MouseMoveEvent 826 562 0 0 0 0
RenderEvent 826 562 0 0 0 0
InteractionEvent 826 562 0 0 0 0
MouseMoveEvent 826 567 0 0 0 0
RenderEvent 826 567 0 0 0 0
InteractionEvent 826 567 0 0 0 0
MouseMoveEvent 826 577 0 0 0 0
RenderEvent 826 577 0 0 0 0
InteractionEvent 826 577 0 0 0 0
MouseMoveEvent 826 594 0 0 0 0
RenderEvent 826 594 0 0 0 0
InteractionEvent 826 594 0 0 0 0
MouseMoveEvent 823 602 0 0 0 0
RenderEvent 823 602 0 0 0 0
InteractionEvent 823 602 0 0 0 0
MouseMoveEvent 820 611 0 0 0 0
RenderEvent 820 611 0 0 0 0
InteractionEvent 820 611 0 0 0 0
MouseMoveEvent 817 618 0 0 0 0
RenderEvent 817 618 0 0 0 0
InteractionEvent 817 618 0 0 0 0
MouseMoveEvent 814 624 0 0 0 0
RenderEvent 814 624 0 0 0 0
InteractionEvent 814 624 0 0 0 0
MouseMoveEvent 811 628 0 0 0 0
RenderEvent 811 628 0 0 0 0
InteractionEvent 811 628 0 0 0 0
MouseMoveEvent 807 635 0 0 0 0
RenderEvent 807 635 0 0 0 0
InteractionEvent 807 635 0 0 0 0
MouseMoveEvent 802 643 0 0 0 0
RenderEvent 802 643 0 0 0 0
InteractionEvent 802 643 0 0 0 0
MouseMoveEvent 796 650 0 0 0 0
RenderEvent 796 650 0 0 0 0
InteractionEvent 796 650 0 0 0 0
MouseMoveEvent 791 660 0 0 0 0
RenderEvent 791 660 0 0 0 0
InteractionEvent 791 660 0 0 0 0
MouseMoveEvent 786 669 0 0 0 0
RenderEvent 786 669 0 0 0 0
InteractionEvent 786 669 0 0 0 0
MouseMoveEvent 779 681 0 0 0 0
RenderEvent 779 681 0 0 0 0
InteractionEvent 779 681 0 0 0 0
MouseMoveEvent 773 693 0 0 0 0
RenderEvent 773 693 0 0 0 0
InteractionEvent 773 693 0 0 0 0
MouseMoveEvent 767 700 0 0 0 0
RenderEvent 767 700 0 0 0 0
InteractionEvent 767 700 0 0 0 0
MouseMoveEvent 764 705 0 0 0 0
RenderEvent 764 705 0 0 0 0
InteractionEvent 764 705 0 0 0 0
MouseMoveEvent 761 709 0 0 0 0
RenderEvent 761 709 0 0 0 0
InteractionEvent 761 709 0 0 0 0
MouseMoveEvent 757 714 0 0 0 0
RenderEvent 757 714 0 0 0 0
InteractionEvent 757 714 0 0 0 0
MouseMoveEvent 753 719 0 0 0 0
RenderEvent 753 719 0 0 0 0
InteractionEvent 753 719 0 0 0 0
MouseMoveEvent 751 721 0 0 0 0
RenderEvent 751 721 0 0 0 0
InteractionEvent 751 721 0 0 0 0
MouseMoveEvent 748 723 0 0 0 0
RenderEvent 748 723 0 0 0 0
InteractionEvent 748 723 0 0 0 0
MouseMoveEvent 743 725 0 0 0 0
RenderEvent 743 725 0 0 0 0
InteractionEvent 743 725 0 0 0 0
MouseMoveEvent 738 727 0 0 0 0
RenderEvent 738 727 0 0 0 0
InteractionEvent 738 727 0 0 0 0
MouseMoveEvent 730 728 0 0 0 0
RenderEvent 730 728 0 0 0 0
InteractionEvent 730 728 0 0 0 0
MouseMoveEvent 719 728 0 0 0 0
RenderEvent 719 728 0 0 0 0
InteractionEvent 719 728 0 0 0 0
MouseMoveEvent 704 728 0 0 0 0
RenderEvent 704 728 0 0 0 0
InteractionEvent 704 728 0 0 0 0
MouseMoveEvent 672 728 0 0 0 0
RenderEvent 672 728 0 0 0 0
InteractionEvent 672 728 0 0 0 0
MouseMoveEvent 651 728 0 0 0 0
RenderEvent 651 728 0 0 0 0
InteractionEvent 651 728 0 0 0 0
MouseMoveEvent 636 728 0 0 0 0
RenderEvent 636 728 0 0 0 0
InteractionEvent 636 728 0 0 0 0
MouseMoveEvent 626 728 0 0 0 0
RenderEvent 626 728 0 0 0 0
InteractionEvent 626 728 0 0 0 0
MouseMoveEvent 622 728 0 0 0 0
RenderEvent 622 728 0 0 0 0
InteractionEvent 622 728 0 0 0 0
MouseMoveEvent 621 728 0 0 0 0
RenderEvent 621 728 0 0 0 0
InteractionEvent 621 728 0 0 0 0
MouseMoveEvent 620 728 0 0 0 0
RenderEvent 620 728 0 0 0 0
InteractionEvent 620 728 0 0 0 0
MouseMoveEvent 617 728 0 0 0 0
RenderEvent 617 728 0 0 0 0
InteractionEvent 617 728 0 0 0 0
MouseMoveEvent 613 725 0 0 0 0
RenderEvent 613 725 0 0 0 0
InteractionEvent 613 725 0 0 0 0
MouseMoveEvent 608 721 0 0 0 0
RenderEvent 608 721 0 0 0 0
InteractionEvent 608 721 0 0 0 0
MouseMoveEvent 600 709 0 0 0 0
RenderEvent 600 709 0 0 0 0
InteractionEvent 600 709 0 0 0 0
MouseMoveEvent 594 698 0 0 0 0
RenderEvent 594 698 0 0 0 0
InteractionEvent 594 698 0 0 0 0
MouseMoveEvent 587 682 0 0 0 0
RenderEvent 587 682 0 0 0 0
InteractionEvent 587 682 0 0 0 0
MouseMoveEvent 584 671 0 0 0 0
RenderEvent 584 671 0 0 0 0
InteractionEvent 584 671 0 0 0 0
MouseMoveEvent 582 664 0 0 0 0
RenderEvent 582 664 0 0 0 0
InteractionEvent 582 664 0 0 0 0
MouseMoveEvent 581 658 0 0 0 0
RenderEvent 581 658 0 0 0 0
InteractionEvent 581 658 0 0 0 0
MouseMoveEvent 580 650 0 0 0 0
RenderEvent 580 650 0 0 0 0
InteractionEvent 580 650 0 0 0 0
MouseMoveEvent 580 640 0 0 0 0
RenderEvent 580 640 0 0 0 0
InteractionEvent 580 640 0 0 0 0
MouseMoveEvent 579 632 0 0 0 0
RenderEvent 579 632 0 0 0 0
InteractionEvent 579 632 0 0 0 0
MouseMoveEvent 579 624 0 0 0 0
RenderEvent 579 624 0 0 0 0
InteractionEvent 579 624 0 0 0 0
MouseMoveEvent 579 618 0 0 0 0
RenderEvent 579 618 0 0 0 0
InteractionEvent 579 618 0 0 0 0
MouseMoveEvent 579 610 0 0 0 0
RenderEvent 579 610 0 0 0 0
InteractionEvent 579 610 0 0 0 0
MouseMoveEvent 579 602 0 0 0 0
RenderEvent 579 602 0 0 0 0
InteractionEvent 579 602 0 0 0 0
MouseMoveEvent 579 588 0 0 0 0
RenderEvent 579 588 0 0 0 0
InteractionEvent 579 588 0 0 0 0
MouseMoveEvent 579 576 0 0 0 0
RenderEvent 579 576 0 0 0 0
InteractionEvent 579 576 0 0 0 0
MouseMoveEvent 579 568 0 0 0 0
RenderEvent 579 568 0 0 0 0
InteractionEvent 579 568 0 0 0 0
MouseMoveEvent 579 561 0 0 0 0
RenderEvent 579 561 0 0 0 0
InteractionEvent 579 561 0 0 0 0
MouseMoveEvent 579 555 0 0 0 0
RenderEvent 579 555 0 0 0 0
InteractionEvent 579 555 0 0 0 0
MouseMoveEvent 579 550 0 0 0 0
RenderEvent 579 550 0 0 0 0
InteractionEvent 579 550 0 0 0 0
MouseMoveEvent 579 545 0 0 0 0
RenderEvent 579 545 0 0 0 0
InteractionEvent 579 545 0 0 0 0
MouseMoveEvent 579 541 0 0 0 0
RenderEvent 579 541 0 0 0 0
InteractionEvent 579 541 0 0 0 0
MouseMoveEvent 579 535 0 0 0 0
RenderEvent 579 535 0 0 0 0
InteractionEvent 579 535 0 0 0 0
MouseMoveEvent 579 527 0 0 0 0
RenderEvent 579 527 0 0 0 0
InteractionEvent 579 527 0 0 0 0
MouseMoveEvent 579 519 0 0 0 0
RenderEvent 579 519 0 0 0 0
InteractionEvent 579 519 0 0 0 0
MouseMoveEvent 577 510 0 0 0 0
RenderEvent 577 510 0 0 0 0
InteractionEvent 577 510 0 0 0 0
MouseMoveEvent 574 500 0 0 0 0
RenderEvent 574 500 0 0 0 0
InteractionEvent 574 500 0 0 0 0
MouseMoveEvent 572 495 0 0 0 0
RenderEvent 572 495 0 0 0 0
InteractionEvent 572 495 0 0 0 0
MouseMoveEvent 570 489 0 0 0 0
RenderEvent 570 489 0 0 0 0
InteractionEvent 570 489 0 0 0 0
MouseMoveEvent 569 484 0 0 0 0
RenderEvent 569 484 0 0 0 0
InteractionEvent 569 484 0 0 0 0
MouseMoveEvent 567 480 0 0 0 0
RenderEvent 567 480 0 0 0 0
InteractionEvent 567 480 0 0 0 0
MouseMoveEvent 565 475 0 0 0 0
RenderEvent 565 475 0 0 0 0
InteractionEvent 565 475 0 0 0 0
MouseMoveEvent 564 470 0 0 0 0
RenderEvent 564 470 0 0 0 0
InteractionEvent 564 470 0 0 0 0
MouseMoveEvent 561 466 0 0 0 0
RenderEvent 561 466 0 0 0 0
InteractionEvent 561 466 0 0 0 0
MouseMoveEvent 560 463 0 0 0 0
RenderEvent 560 463 0 0 0 0
InteractionEvent 560 463 0 0 0 0
MouseMoveEvent 559 460 0 0 0 0
RenderEvent 559 460 0 0 0 0
InteractionEvent 559 460 0 0 0 0
MouseMoveEvent 557 457 0 0 0 0
RenderEvent 557 457 0 0 0 0
InteractionEvent 557 457 0 0 0 0
MouseMoveEvent 557 456 0 0 0 0
RenderEvent 557 456 0 0 0 0
InteractionEvent 557 456 0 0 0 0
MouseMoveEvent 556 454 0 0 0 0
RenderEvent 556 454 0 0 0 0
InteractionEvent 556 454 0 0 0 0
LeftButtonReleaseEvent 556 454 0 0 0 0
EndInteractionEvent 556 454 0 0 0 0
RenderEvent 556 454 0 0 0 0
